
Showing logs for build [32mjenkins-oscar-skiapp-pr-21-pr-b-xk8tc-1[0m stage [32mfrom-build-pack[0m and container [32mstep-credential-initializer-xqrwd[0m
{"level":"warn","ts":1589911188.930456,"logger":"fallback-logger","caller":"logging/config.go:69","msg":"Fetch GitHub commit ID from kodata failed: \"ref: refs/heads/0.8.0-**-support-backwards-incompats\" is not a valid GitHub commit ID"}
{"level":"info","ts":1589911188.9328926,"logger":"fallback-logger","caller":"creds-init/main.go:40","msg":"Credentials initialized."}

Showing logs for build [32mjenkins-oscar-skiapp-pr-21-pr-b-xk8tc-1[0m stage [32mfrom-build-pack[0m and container [32mstep-working-dir-initializer-k4x86[0m
{"level":"warn","ts":1589911190.9790413,"logger":"fallback-logger","caller":"logging/config.go:69","msg":"Fetch GitHub commit ID from kodata failed: open /var/run/ko/HEAD: no such file or directory"}
{"level":"info","ts":1589911191.1269054,"logger":"fallback-logger","caller":"bash/main.go:64","msg":"Successfully executed command \"sh -c mkdir -p /workspace/source\"; output "}

Showing logs for build [32mjenkins-oscar-skiapp-pr-21-pr-b-xk8tc-1[0m stage [32mfrom-build-pack[0m and container [32mstep-place-tools[0m

Showing logs for build [32mjenkins-oscar-skiapp-pr-21-pr-b-xk8tc-1[0m stage [32mfrom-build-pack[0m and container [32mstep-git-source-jenkins-oscar-skiapp-pr-21-pr-b-xk8tc-jspxg[0m
{"level":"warn","ts":1589911199.7976985,"logger":"fallback-logger","caller":"logging/config.go:69","msg":"Fetch GitHub commit ID from kodata failed: \"ref: refs/heads/0.8.0-**-support-backwards-incompats\" is not a valid GitHub commit ID"}
{"level":"info","ts":1589911202.2054825,"logger":"fallback-logger","caller":"git/git.go:103","msg":"Successfully cloned https://github.com/jenkins-oscar/skiapp.git @ master in path /workspace/source"}

Showing logs for build [32mjenkins-oscar-skiapp-pr-21-pr-b-xk8tc-1[0m stage [32mfrom-build-pack[0m and container [32mstep-git-merge[0m
Using SHAs from PULL_REFS=master:932d26a5cd1408cd1c41132d9db8c5a8af0d48c1,21:d8c6a6994bdbbfa8244df1dd8d18fdb7e33803a0
DEBUG: LC_ALL=C JX_LOG_LEVEL=error git fetch origin --unshallow d8c6a6994bdbbfa8244df1dd8d18fdb7e33803a0: 932d26a5cd1408cd1c41132d9db8c5a8af0d48c1:
DEBUG: ran git fetch --unshallow origin d8c6a6994bdbbfa8244df1dd8d18fdb7e33803a0: 932d26a5cd1408cd1c41132d9db8c5a8af0d48c1: in 
DEBUG: LC_ALL=C JX_LOG_LEVEL=error git branch
DEBUG: JX_LOG_LEVEL=error LC_ALL=C git checkout master
DEBUG: ran git checkout master in 
DEBUG: LC_ALL=C JX_LOG_LEVEL=error git reset --hard 932d26a5cd1408cd1c41132d9db8c5a8af0d48c1
DEBUG: ran git reset --hard 932d26a5cd1408cd1c41132d9db8c5a8af0d48c1 in 
DEBUG: LC_ALL=C JX_LOG_LEVEL=error git clean -fd .
DEBUG: ran clean --force -d . in 
DEBUG: LC_ALL=C JX_LOG_LEVEL=error git merge d8c6a6994bdbbfa8244df1dd8d18fdb7e33803a0
DEBUG: ran git merge d8c6a6994bdbbfa8244df1dd8d18fdb7e33803a0 in 
DEBUG: LC_ALL=C JX_LOG_LEVEL=error git log --format=%H%x1f%an%x1f%ae%x1f%cn%x1f%ce%x1f%s%n%b%x1e 932d26a5cd1408cd1c41132d9db8c5a8af0d48c1..HEAD
Merged SHA d8c6a6994bdbbfa8244df1dd8d18fdb7e33803a0 with commit message 'removed global nav item' into base branch master

Showing logs for build [32mjenkins-oscar-skiapp-pr-21-pr-b-xk8tc-1[0m stage [32mfrom-build-pack[0m and container [32mstep-build-npmrc[0m
Command "credential" is deprecated, it will be removed on Jun 1 2020.  This is replaced by Tekton's mounted secrets
WARNING: failed to find Secret npm-token in namespace **

Showing logs for build [32mjenkins-oscar-skiapp-pr-21-pr-b-xk8tc-1[0m stage [32mfrom-build-pack[0m and container [32mstep-build-npm-install[0m
npm WARN skiapp@1.0.0 No repository field.
npm WARN skiapp@1.0.0 No license field.

added 152 packages from 599 contributors and audited 152 packages in 4.949s
found 4 low severity vulnerabilities
  run `npm audit fix` to fix them, or `npm audit` for details

Showing logs for build [32mjenkins-oscar-skiapp-pr-21-pr-b-xk8tc-1[0m stage [32mfrom-build-pack[0m and container [32mstep-build-npm-test[0m

> skiapp@1.0.0 test /workspace/source
> ./node_modules/mocha/bin/mocha tests/ --exit

Server running at http://localhost:8080


  GET Home page
    ✓ Should return a 200 ok response (67ms)


  1 passing (79ms)


Showing logs for build [32mjenkins-oscar-skiapp-pr-21-pr-b-xk8tc-1[0m stage [32mfrom-build-pack[0m and container [32mstep-build-container-build[0m
[36mINFO[0m[0000] Downloading base image node:9-slim           
ERROR: logging before flag.Parse: E0519 18:00:35.270992      10 metadata.go:142] while reading 'google-dockercfg' metadata: http status code: 404 while fetching url http://metadata.google.internal./computeMetadata/v1/instance/attributes/google-dockercfg
ERROR: logging before flag.Parse: E0519 18:00:35.274903      10 metadata.go:159] while reading 'google-dockercfg-url' metadata: http status code: 404 while fetching url http://metadata.google.internal./computeMetadata/v1/instance/attributes/google-dockercfg-url
2020/05/19 18:00:35 No matching credentials were found, falling back on anonymous
[36mINFO[0m[0001] Error while retrieving image from cache: getting file info: stat /workspace/sha256:0e0175bbe4f8d9d104590d8d2c591017874e30977cb71aaff1cf6fa99479575c: no such file or directory 
[36mINFO[0m[0001] Downloading base image node:9-slim           
2020/05/19 18:00:36 No matching credentials were found, falling back on anonymous
[36mINFO[0m[0002] Executing 0 build triggers                   
[36mINFO[0m[0002] cmd: EXPOSE                                  
[36mINFO[0m[0002] Adding exposed port: 8080/tcp                
[36mINFO[0m[0002] Using files from context: [/workspace/source] 
[36mINFO[0m[0002] Skipping unpacking as no commands require it. 
[36mINFO[0m[0002] Taking snapshot of full filesystem...        
[36mINFO[0m[0002] ENV PORT 8080                                
[36mINFO[0m[0002] No files changed in this command, skipping snapshotting. 
[36mINFO[0m[0002] EXPOSE 8080                                  
[36mINFO[0m[0002] cmd: EXPOSE                                  
[36mINFO[0m[0002] Adding exposed port: 8080/tcp                
[36mINFO[0m[0002] No files changed in this command, skipping snapshotting. 
[36mINFO[0m[0002] WORKDIR /usr/src/app                         
[36mINFO[0m[0002] cmd: workdir                                 
[36mINFO[0m[0002] Changed working directory to /usr/src/app    
[36mINFO[0m[0002] Creating directory /usr/src/app              
[36mINFO[0m[0002] Taking snapshot of files...                  
[36mINFO[0m[0002] Using files from context: [/workspace/source] 
[36mINFO[0m[0002] COPY . .                                     
[36mINFO[0m[0003] Taking snapshot of files...                  
[36mINFO[0m[0004] CMD ["npm", "start"]                         
[36mINFO[0m[0004] No files changed in this command, skipping snapshotting. 
2020/05/19 18:00:39 existing blob: sha256:e01bd28a434b56ffd2a3fe9aa99b9b69aecca69904843edd30b1ee7150d79904
2020/05/19 18:00:39 existing blob: sha256:a88538b9cd05cfa611e43a25582a95ad7879f6fa708b0386a26b71ee62235bb3
2020/05/19 18:00:39 existing blob: sha256:5bba3ecb4cd6374a19da45f2a3db0a9c0804984358b3bb4b666c28944016e5ff
2020/05/19 18:00:39 existing blob: sha256:7d083412657baa2dafba8d093034ef26f9ed2c90fb6ed95f76bb55aff03ed429
2020/05/19 18:00:39 existing blob: sha256:196b8e3c919d5639193ba6c6e54774528942041bbc37606631a2250502985c3c
2020/05/19 18:00:41 pushed blob: sha256:e35dbfacfb41eba252c278c842812c8c3b4d1ca8fdca70203b1ebc0fd245c8c0
2020/05/19 18:00:41 pushed blob: sha256:0bd2832a66a943eccda5f62c6dc5445f1f041b8279cdc487c40498378997454f
2020/05/19 18:00:43 pushed blob: sha256:a88a8c862b2bde0071449bd4e274a9649827a59dffdea56615f9c2c6d773dc9d
2020/05/19 18:00:43 gcr.io/**-development/skiapp:0.0.0-SNAPSHOT-PR-21-1: digest: sha256:274a17b2efa3e116fdc509930e3ecbffe7d3c770a69139837c9cfa9a5ae72982 size: 1407

Showing logs for build [32mjenkins-oscar-skiapp-pr-21-pr-b-xk8tc-1[0m stage [32mfrom-build-pack[0m and container [32mstep-postbuild-post-build[0m
no CVE provider running in the current ** namespace so skip adding image to be analysed

Showing logs for build [32mjenkins-oscar-skiapp-pr-21-pr-b-xk8tc-1[0m stage [32mfrom-build-pack[0m and container [32mstep-promote-make-preview[0m
sed -i -e "s/version:.*/version: 0.0.0-SNAPSHOT-PR-21-1/" Chart.yaml
sed -i -e "s/version:.*/version: 0.0.0-SNAPSHOT-PR-21-1/" ../*/Chart.yaml
sed -i -e "s|repository:.*|repository: gcr.io\/**-development\/skiapp|" values.yaml
sed -i -e "s/tag:.*/tag: 0.0.0-SNAPSHOT-PR-21-1/" values.yaml
echo "  version: 0.0.0-SNAPSHOT-PR-21-1" >> requirements.yaml
** step helm build
WARNING: No $CHART_REPOSITORY defined so using the default value of: http://jenkins-x-chartmuseum:8080
Adding missing Helm repo: storage.googleapis.com https://storage.googleapis.com/chartmuseum.jenkins-x.io
Successfully added Helm repository storage.googleapis.com.
Adding missing Helm repo: jenkins-x-chartmuseum http://jenkins-x-chartmuseum:8080
Successfully added Helm repository jenkins-x-chartmuseum.
WARNING: No $CHART_REPOSITORY defined so using the default value of: http://jenkins-x-chartmuseum:8080
Adding missing Helm repo: chartmuseum.jenkins-x.io http://chartmuseum.jenkins-x.io
Successfully added Helm repository chartmuseum.jenkins-x.io.

Showing logs for build [32mjenkins-oscar-skiapp-pr-21-pr-b-xk8tc-1[0m stage [32mfrom-build-pack[0m and container [32mstep-promote-jx-preview[0m
Creating a preview
Found commit author match for: sharepointoscar with email address: me@sharepointoscar.com
Created environment jenkins-oscar-skiapp-pr-21
Namespace **-jenkins-oscar-skiapp-pr-21 created 
expose:
  Annotations:
    helm.sh/hook: post-install,post-upgrade
    helm.sh/hook-delete-policy: hook-succeeded
  config:
    domain: 35.197.97.96.nip.io
    exposer: Ingress
    http: "true"
preview:
  image:
    repository: gcr.io/**-development/skiapp
    tag: 0.0.0-SNAPSHOT-PR-21-1

Updating PipelineActivities jenkins-oscar-skiapp-pr-21-1 which has status Running
WARNING: preview application http://skiapp.**-jenkins-oscar-skiapp-pr-21.35.197.97.96.nip.io not available, error was 503 503 Service Temporarily Unavailable, delaying for: 1.252573036s
WARNING: preview application http://skiapp.**-jenkins-oscar-skiapp-pr-21.35.197.97.96.nip.io not available, error was 503 503 Service Temporarily Unavailable, delaying for: 1.795078749s
Preview application is now available at: http://skiapp.**-jenkins-oscar-skiapp-pr-21.35.197.97.96.nip.io
