
Showing logs for build [32mjenkins-oscar-skiapp-pr-9-pr-bu-rg5st-1[0m stage [32mfrom-build-pack[0m and container [32mstep-credential-initializer-l76hh[0m
{"level":"warn","ts":1583805483.9177785,"logger":"fallback-logger","caller":"logging/config.go:69","msg":"Fetch GitHub commit ID from kodata failed: \"ref: refs/heads/0.8.0-**-support-backwards-incompats\" is not a valid GitHub commit ID"}
{"level":"info","ts":1583805483.9188917,"logger":"fallback-logger","caller":"creds-init/main.go:40","msg":"Credentials initialized."}

Showing logs for build [32mjenkins-oscar-skiapp-pr-9-pr-bu-rg5st-1[0m stage [32mfrom-build-pack[0m and container [32mstep-working-dir-initializer-dcwtj[0m
{"level":"warn","ts":1583805484.9159923,"logger":"fallback-logger","caller":"logging/config.go:69","msg":"Fetch GitHub commit ID from kodata failed: open /var/run/ko/HEAD: no such file or directory"}
{"level":"info","ts":1583805484.9189448,"logger":"fallback-logger","caller":"bash/main.go:64","msg":"Successfully executed command \"sh -c mkdir -p /workspace/source\"; output "}

Showing logs for build [32mjenkins-oscar-skiapp-pr-9-pr-bu-rg5st-1[0m stage [32mfrom-build-pack[0m and container [32mstep-place-tools[0m

Showing logs for build [32mjenkins-oscar-skiapp-pr-9-pr-bu-rg5st-1[0m stage [32mfrom-build-pack[0m and container [32mstep-git-source-jenkins-oscar-skiapp-pr-9-pr-bu-rg5st-fkcb6[0m
{"level":"warn","ts":1583805492.023067,"logger":"fallback-logger","caller":"logging/config.go:69","msg":"Fetch GitHub commit ID from kodata failed: \"ref: refs/heads/0.8.0-**-support-backwards-incompats\" is not a valid GitHub commit ID"}
{"level":"info","ts":1583805493.5399442,"logger":"fallback-logger","caller":"git/git.go:103","msg":"Successfully cloned https://github.com/jenkins-oscar/skiapp.git @ master in path /workspace/source"}

Showing logs for build [32mjenkins-oscar-skiapp-pr-9-pr-bu-rg5st-1[0m stage [32mfrom-build-pack[0m and container [32mstep-git-merge[0m
Using SHAs from PULL_REFS=master:63afd72eac2bb2bb9c8f09bd497b0a1d8b387f18,9:ce4ecd93e93fde53773306eac3943c18434ab418
DEBUG: JX_LOG_LEVEL=error LC_ALL=C git fetch origin --unshallow ce4ecd93e93fde53773306eac3943c18434ab418: 63afd72eac2bb2bb9c8f09bd497b0a1d8b387f18:
DEBUG: ran git fetch --unshallow origin ce4ecd93e93fde53773306eac3943c18434ab418: 63afd72eac2bb2bb9c8f09bd497b0a1d8b387f18: in 
DEBUG: LC_ALL=C JX_LOG_LEVEL=error git branch
DEBUG: LC_ALL=C JX_LOG_LEVEL=error git checkout master
DEBUG: ran git checkout master in 
DEBUG: LC_ALL=C JX_LOG_LEVEL=error git reset --hard 63afd72eac2bb2bb9c8f09bd497b0a1d8b387f18
DEBUG: ran git reset --hard 63afd72eac2bb2bb9c8f09bd497b0a1d8b387f18 in 
DEBUG: LC_ALL=C JX_LOG_LEVEL=error git clean -fd .
DEBUG: ran clean --force -d . in 
DEBUG: LC_ALL=C JX_LOG_LEVEL=error git merge ce4ecd93e93fde53773306eac3943c18434ab418
DEBUG: ran git merge ce4ecd93e93fde53773306eac3943c18434ab418 in 
DEBUG: LC_ALL=C JX_LOG_LEVEL=error git log --format=%H%x1f%an%x1f%ae%x1f%cn%x1f%ce%x1f%s%n%b%x1e 63afd72eac2bb2bb9c8f09bd497b0a1d8b387f18..HEAD
Merged SHA ce4ecd93e93fde53773306eac3943c18434ab418 with commit message 'changed globa navigation' into base branch master

Showing logs for build [32mjenkins-oscar-skiapp-pr-9-pr-bu-rg5st-1[0m stage [32mfrom-build-pack[0m and container [32mstep-build-npmrc[0m
Command "credential" is deprecated, it will be removed on Jun 1 2020.  This is replaced by Tekton's mounted secrets
WARNING: failed to find Secret npm-token in namespace **

Showing logs for build [32mjenkins-oscar-skiapp-pr-9-pr-bu-rg5st-1[0m stage [32mfrom-build-pack[0m and container [32mstep-build-npm-install[0m
npm WARN skiapp@1.0.0 No repository field.
npm WARN skiapp@1.0.0 No license field.

added 152 packages from 599 contributors and audited 269 packages in 4.211s
found 0 vulnerabilities


Showing logs for build [32mjenkins-oscar-skiapp-pr-9-pr-bu-rg5st-1[0m stage [32mfrom-build-pack[0m and container [32mstep-build-npm-test[0m

> skiapp@1.0.0 test /workspace/source
> ./node_modules/mocha/bin/mocha tests/ --exit

Server running at http://localhost:8080


  GET Home page
    ✓ Should return a 200 ok response


  1 passing (31ms)


Showing logs for build [32mjenkins-oscar-skiapp-pr-9-pr-bu-rg5st-1[0m stage [32mfrom-build-pack[0m and container [32mstep-build-container-build[0m
[36mINFO[0m[0000] Downloading base image node:9-slim           
ERROR: logging before flag.Parse: E0310 01:58:22.812923      11 metadata.go:142] while reading 'google-dockercfg' metadata: http status code: 404 while fetching url http://metadata.google.internal./computeMetadata/v1/instance/attributes/google-dockercfg
ERROR: logging before flag.Parse: E0310 01:58:22.815454      11 metadata.go:159] while reading 'google-dockercfg-url' metadata: http status code: 404 while fetching url http://metadata.google.internal./computeMetadata/v1/instance/attributes/google-dockercfg-url
2020/03/10 01:58:22 No matching credentials were found, falling back on anonymous
[36mINFO[0m[0000] Error while retrieving image from cache: getting file info: stat /workspace/sha256:0e0175bbe4f8d9d104590d8d2c591017874e30977cb71aaff1cf6fa99479575c: no such file or directory 
[36mINFO[0m[0000] Downloading base image node:9-slim           
2020/03/10 01:58:23 No matching credentials were found, falling back on anonymous
[36mINFO[0m[0001] Executing 0 build triggers                   
[36mINFO[0m[0001] cmd: EXPOSE                                  
[36mINFO[0m[0001] Adding exposed port: 8080/tcp                
[36mINFO[0m[0001] Using files from context: [/workspace/source] 
[36mINFO[0m[0001] Skipping unpacking as no commands require it. 
[36mINFO[0m[0001] Taking snapshot of full filesystem...        
[36mINFO[0m[0001] ENV PORT 8080                                
[36mINFO[0m[0001] No files changed in this command, skipping snapshotting. 
[36mINFO[0m[0001] EXPOSE 8080                                  
[36mINFO[0m[0001] cmd: EXPOSE                                  
[36mINFO[0m[0001] Adding exposed port: 8080/tcp                
[36mINFO[0m[0001] No files changed in this command, skipping snapshotting. 
[36mINFO[0m[0001] WORKDIR /usr/src/app                         
[36mINFO[0m[0001] cmd: workdir                                 
[36mINFO[0m[0001] Changed working directory to /usr/src/app    
[36mINFO[0m[0001] Creating directory /usr/src/app              
[36mINFO[0m[0001] Taking snapshot of files...                  
[36mINFO[0m[0001] Using files from context: [/workspace/source] 
[36mINFO[0m[0002] COPY . .                                     
[36mINFO[0m[0002] Taking snapshot of files...                  
[36mINFO[0m[0003] CMD ["npm", "start"]                         
[36mINFO[0m[0003] No files changed in this command, skipping snapshotting. 
2020/03/10 01:58:26 existing blob: sha256:e01bd28a434b56ffd2a3fe9aa99b9b69aecca69904843edd30b1ee7150d79904
2020/03/10 01:58:26 existing blob: sha256:7d083412657baa2dafba8d093034ef26f9ed2c90fb6ed95f76bb55aff03ed429
2020/03/10 01:58:26 existing blob: sha256:a88538b9cd05cfa611e43a25582a95ad7879f6fa708b0386a26b71ee62235bb3
2020/03/10 01:58:26 existing blob: sha256:196b8e3c919d5639193ba6c6e54774528942041bbc37606631a2250502985c3c
2020/03/10 01:58:26 existing blob: sha256:5bba3ecb4cd6374a19da45f2a3db0a9c0804984358b3bb4b666c28944016e5ff
2020/03/10 01:58:28 pushed blob: sha256:51d1ee4e7b315bd387b124ef1fb5cef7db46a018806e03c7e01e4ccaba29f146
2020/03/10 01:58:28 pushed blob: sha256:3153ff024bcef85caf30cdf85c4f6f861a0a0ed00004319d31bca2fc9cf07916
2020/03/10 01:58:29 pushed blob: sha256:4666c3a4c02e4bff150566a5819b075feb7bfc61989d3412a3b4ea0585ef25d1
2020/03/10 01:58:30 gcr.io/**-development/skiapp:0.0.0-SNAPSHOT-PR-9-1: digest: sha256:ca2be45f6e3d3fec7a14f6ffb80afe55a96ea74e489dddf6602870f60ae4721e size: 1407

Showing logs for build [32mjenkins-oscar-skiapp-pr-9-pr-bu-rg5st-1[0m stage [32mfrom-build-pack[0m and container [32mstep-postbuild-post-build[0m
no CVE provider running in the current ** namespace so skip adding image to be analysed

Showing logs for build [32mjenkins-oscar-skiapp-pr-9-pr-bu-rg5st-1[0m stage [32mfrom-build-pack[0m and container [32mstep-promote-make-preview[0m
sed -i -e "s/version:.*/version: 0.0.0-SNAPSHOT-PR-9-1/" Chart.yaml
sed -i -e "s/version:.*/version: 0.0.0-SNAPSHOT-PR-9-1/" ../*/Chart.yaml
sed -i -e "s|repository:.*|repository: gcr.io\/**-development\/skiapp|" values.yaml
sed -i -e "s/tag:.*/tag: 0.0.0-SNAPSHOT-PR-9-1/" values.yaml
echo "  version: 0.0.0-SNAPSHOT-PR-9-1" >> requirements.yaml
** step helm build
WARNING: No $CHART_REPOSITORY defined so using the default value of: http://jenkins-x-chartmuseum:8080
Adding missing Helm repo: storage.googleapis.com https://storage.googleapis.com/chartmuseum.jenkins-x.io
Successfully added Helm repository storage.googleapis.com.
Adding missing Helm repo: jenkins-x-chartmuseum http://jenkins-x-chartmuseum:8080
Successfully added Helm repository jenkins-x-chartmuseum.
WARNING: No $CHART_REPOSITORY defined so using the default value of: http://jenkins-x-chartmuseum:8080
Adding missing Helm repo: chartmuseum.jenkins-x.io http://chartmuseum.jenkins-x.io
Successfully added Helm repository chartmuseum.jenkins-x.io.

Showing logs for build [32mjenkins-oscar-skiapp-pr-9-pr-bu-rg5st-1[0m stage [32mfrom-build-pack[0m and container [32mstep-promote-jx-preview[0m
Creating a preview
Found commit author match for: sharepointoscar with email address: me@sharepointoscar.com
Created environment jenkins-oscar-skiapp-pr-9
Namespace **-jenkins-oscar-skiapp-pr-9 created 
expose:
  Annotations:
    helm.sh/hook: post-install,post-upgrade
    helm.sh/hook-delete-policy: hook-succeeded
  config:
    domain: 35.185.219.24.nip.io
    exposer: Ingress
    http: "true"
preview:
  image:
    repository: gcr.io/**-development/skiapp
    tag: 0.0.0-SNAPSHOT-PR-9-1

Updating PipelineActivities jenkins-oscar-skiapp-pr-9-1 which has status Running
WARNING: preview application http://skiapp.**-jenkins-oscar-skiapp-pr-9.35.185.219.24.nip.io not available, error was 503 503 Service Temporarily Unavailable, delaying for: 1.252573036s
Preview application is now available at: http://skiapp.**-jenkins-oscar-skiapp-pr-9.35.185.219.24.nip.io
