
Showing logs for build [32mjenkins-oscar-skiapp-pr-23-pr-b-6fzgz-1[0m stage [32mfrom-build-pack[0m and container [32mstep-credential-initializer-8kz6z[0m
{"level":"warn","ts":1594947763.825755,"logger":"fallback-logger","caller":"logging/config.go:69","msg":"Fetch GitHub commit ID from kodata failed: \"ref: refs/heads/0.8.0-**-support-backwards-incompats\" is not a valid GitHub commit ID"}
{"level":"info","ts":1594947763.8263164,"logger":"fallback-logger","caller":"creds-init/main.go:40","msg":"Credentials initialized."}

Showing logs for build [32mjenkins-oscar-skiapp-pr-23-pr-b-6fzgz-1[0m stage [32mfrom-build-pack[0m and container [32mstep-working-dir-initializer-xgrq5[0m
{"level":"warn","ts":1594947765.1954186,"logger":"fallback-logger","caller":"logging/config.go:69","msg":"Fetch GitHub commit ID from kodata failed: open /var/run/ko/HEAD: no such file or directory"}
{"level":"info","ts":1594947765.198104,"logger":"fallback-logger","caller":"bash/main.go:64","msg":"Successfully executed command \"sh -c mkdir -p /workspace/source\"; output "}

Showing logs for build [32mjenkins-oscar-skiapp-pr-23-pr-b-6fzgz-1[0m stage [32mfrom-build-pack[0m and container [32mstep-place-tools[0m

Showing logs for build [32mjenkins-oscar-skiapp-pr-23-pr-b-6fzgz-1[0m stage [32mfrom-build-pack[0m and container [32mstep-git-source-jenkins-oscar-skiapp-pr-23-pr-b-6fzgz-jxwjp[0m
{"level":"warn","ts":1594947771.3326375,"logger":"fallback-logger","caller":"logging/config.go:69","msg":"Fetch GitHub commit ID from kodata failed: \"ref: refs/heads/0.8.0-**-support-backwards-incompats\" is not a valid GitHub commit ID"}
{"level":"info","ts":1594947772.3022683,"logger":"fallback-logger","caller":"git/git.go:103","msg":"Successfully cloned https://github.com/jenkins-oscar/skiapp.git @ master in path /workspace/source"}

Showing logs for build [32mjenkins-oscar-skiapp-pr-23-pr-b-6fzgz-1[0m stage [32mfrom-build-pack[0m and container [32mstep-git-merge[0m
Using SHAs from PULL_REFS=master:c1c77c3a19ef9dc8ca14eb1a31dc87fea6245821,23:9587fc17707df448f00c19bd01ec54258a260572
DEBUG: LC_ALL=C JX_LOG_LEVEL=error git fetch origin --unshallow 9587fc17707df448f00c19bd01ec54258a260572: c1c77c3a19ef9dc8ca14eb1a31dc87fea6245821:
DEBUG: ran git fetch --unshallow origin 9587fc17707df448f00c19bd01ec54258a260572: c1c77c3a19ef9dc8ca14eb1a31dc87fea6245821: in 
DEBUG: LC_ALL=C JX_LOG_LEVEL=error git branch
DEBUG: LC_ALL=C JX_LOG_LEVEL=error git checkout master
DEBUG: ran git checkout master in 
DEBUG: LC_ALL=C JX_LOG_LEVEL=error git reset --hard c1c77c3a19ef9dc8ca14eb1a31dc87fea6245821
DEBUG: ran git reset --hard c1c77c3a19ef9dc8ca14eb1a31dc87fea6245821 in 
DEBUG: JX_LOG_LEVEL=error LC_ALL=C git clean -fd .
DEBUG: ran clean --force -d . in 
DEBUG: LC_ALL=C JX_LOG_LEVEL=error git merge 9587fc17707df448f00c19bd01ec54258a260572
DEBUG: ran git merge 9587fc17707df448f00c19bd01ec54258a260572 in 
DEBUG: LC_ALL=C JX_LOG_LEVEL=error git log --format=%H%x1f%an%x1f%ae%x1f%cn%x1f%ce%x1f%s%n%b%x1e c1c77c3a19ef9dc8ca14eb1a31dc87fea6245821..HEAD
Merged SHA 9587fc17707df448f00c19bd01ec54258a260572 with commit message 'removed global nav items' into base branch master

Showing logs for build [32mjenkins-oscar-skiapp-pr-23-pr-b-6fzgz-1[0m stage [32mfrom-build-pack[0m and container [32mstep-build-npmrc[0m
Command "credential" is deprecated, it will be removed on Jun 1 2020.  This is replaced by Tekton's mounted secrets
WARNING: failed to find Secret npm-token in namespace **

Showing logs for build [32mjenkins-oscar-skiapp-pr-23-pr-b-6fzgz-1[0m stage [32mfrom-build-pack[0m and container [32mstep-build-npm-install[0m
npm WARN skiapp@1.0.0 No repository field.
npm WARN skiapp@1.0.0 No license field.

added 152 packages from 599 contributors and audited 152 packages in 4.595s
found 5 low severity vulnerabilities
  run `npm audit fix` to fix them, or `npm audit` for details

Showing logs for build [32mjenkins-oscar-skiapp-pr-23-pr-b-6fzgz-1[0m stage [32mfrom-build-pack[0m and container [32mstep-build-npm-test[0m

> skiapp@1.0.0 test /workspace/source
> ./node_modules/mocha/bin/mocha tests/ --exit

Server running at http://localhost:8080


  GET Home page
    ✓ Should return a 200 ok response


  1 passing (45ms)


Showing logs for build [32mjenkins-oscar-skiapp-pr-23-pr-b-6fzgz-1[0m stage [32mfrom-build-pack[0m and container [32mstep-build-container-build[0m
[36mINFO[0m[0000] Resolved base name node:9-slim to node:9-slim 
[36mINFO[0m[0000] Using dockerignore file: /workspace/source/.dockerignore 
[36mINFO[0m[0000] Resolved base name node:9-slim to node:9-slim 
[36mINFO[0m[0000] Retrieving image manifest node:9-slim        
ERROR: logging before flag.Parse: E0717 01:03:01.326932      10 metadata.go:142] while reading 'google-dockercfg' metadata: http status code: 404 while fetching url http://metadata.google.internal./computeMetadata/v1/instance/attributes/google-dockercfg
ERROR: logging before flag.Parse: E0717 01:03:01.331221      10 metadata.go:159] while reading 'google-dockercfg-url' metadata: http status code: 404 while fetching url http://metadata.google.internal./computeMetadata/v1/instance/attributes/google-dockercfg-url
[36mINFO[0m[0003] Retrieving image manifest node:9-slim        
[36mINFO[0m[0004] Built cross stage deps: map[]                
[36mINFO[0m[0004] Retrieving image manifest node:9-slim        
[36mINFO[0m[0005] Retrieving image manifest node:9-slim        
[36mINFO[0m[0005] cmd: EXPOSE                                  
[36mINFO[0m[0005] Adding exposed port: 8080/tcp                
[36mINFO[0m[0007] Checking for cached layer gcr.io/**-development/cache:39e16256618f47cb266e35ce383af4e07d92eeecfdbc252c352051509e97ae15... 
[36mINFO[0m[0007] No cached layer found for cmd COPY . .       
[36mINFO[0m[0007] Unpacking rootfs as cmd COPY . . requires it. 
[36mINFO[0m[0012] Taking snapshot of full filesystem...        
[36mINFO[0m[0014] Resolving paths                              
[36mINFO[0m[0016] ENV PORT 8080                                
[36mINFO[0m[0016] No files changed in this command, skipping snapshotting. 
[36mINFO[0m[0016] EXPOSE 8080                                  
[36mINFO[0m[0016] cmd: EXPOSE                                  
[36mINFO[0m[0016] Adding exposed port: 8080/tcp                
[36mINFO[0m[0016] No files changed in this command, skipping snapshotting. 
[36mINFO[0m[0016] WORKDIR /usr/src/app                         
[36mINFO[0m[0016] cmd: workdir                                 
[36mINFO[0m[0016] Changed working directory to /usr/src/app    
[36mINFO[0m[0016] Creating directory /usr/src/app              
[36mINFO[0m[0016] Resolving paths                              
[36mINFO[0m[0016] Taking snapshot of files...                  
[36mINFO[0m[0016] COPY . .                                     
[36mINFO[0m[0017] Resolving paths                              
[36mINFO[0m[0017] Taking snapshot of files...                  
[36mINFO[0m[0018] Pushing layer gcr.io/**-development/cache:39e16256618f47cb266e35ce383af4e07d92eeecfdbc252c352051509e97ae15 to cache now 
[36mINFO[0m[0018] CMD ["npm", "start"]                         
[36mINFO[0m[0018] No files changed in this command, skipping snapshotting. 

Showing logs for build [32mjenkins-oscar-skiapp-pr-23-pr-b-6fzgz-1[0m stage [32mfrom-build-pack[0m and container [32mstep-postbuild-post-build[0m
no CVE provider running in the current ** namespace so skip adding image to be analysed

Showing logs for build [32mjenkins-oscar-skiapp-pr-23-pr-b-6fzgz-1[0m stage [32mfrom-build-pack[0m and container [32mstep-promote-make-preview[0m
sed -i -e "s/version:.*/version: 0.0.0-SNAPSHOT-PR-23-1/" Chart.yaml
sed -i -e "s/version:.*/version: 0.0.0-SNAPSHOT-PR-23-1/" ../*/Chart.yaml
sed -i -e "s|repository:.*|repository: gcr.io\/**-development\/skiapp|" values.yaml
sed -i -e "s/tag:.*/tag: 0.0.0-SNAPSHOT-PR-23-1/" values.yaml
echo "  version: 0.0.0-SNAPSHOT-PR-23-1" >> requirements.yaml
** step helm build
WARNING: No $CHART_REPOSITORY defined so using the default value of: http://jenkins-x-chartmuseum:8080
Adding missing Helm repo: storage.googleapis.com https://storage.googleapis.com/chartmuseum.jenkins-x.io
Successfully added Helm repository storage.googleapis.com.
Adding missing Helm repo: jenkins-x-chartmuseum http://jenkins-x-chartmuseum:8080
Successfully added Helm repository jenkins-x-chartmuseum.
WARNING: No $CHART_REPOSITORY defined so using the default value of: http://jenkins-x-chartmuseum:8080
Adding missing Helm repo: chartmuseum.jenkins-x.io http://chartmuseum.jenkins-x.io
Successfully added Helm repository chartmuseum.jenkins-x.io.

Showing logs for build [32mjenkins-oscar-skiapp-pr-23-pr-b-6fzgz-1[0m stage [32mfrom-build-pack[0m and container [32mstep-promote-jx-preview[0m
Creating a preview
Found commit author match for: sharepointoscar with email address: me@sharepointoscar.com
Created environment jenkins-oscar-skiapp-pr-23
Namespace **-jenkins-oscar-skiapp-pr-23 created 
expose:
  Annotations:
    helm.sh/hook: post-install,post-upgrade
    helm.sh/hook-delete-policy: hook-succeeded
  config:
    domain: c**d.sharepointoscar.com
    exposer: Ingress
    http: "true"
preview:
  image:
    repository: gcr.io/**-development/skiapp
    tag: 0.0.0-SNAPSHOT-PR-23-1

Updating PipelineActivities jenkins-oscar-skiapp-pr-23-1 which has status Running
WARNING: preview application http://skiapp.**-jenkins-oscar-skiapp-pr-23.c**d.sharepointoscar.com not available, error was Get http://skiapp.**-jenkins-oscar-skiapp-pr-23.c**d.sharepointoscar.com: dial tcp: lookup skiapp.**-jenkins-oscar-skiapp-pr-23.c**d.sharepointoscar.com on 10.27.240.10:53: no such host, delaying for: 1.094808598s
WARNING: preview application http://skiapp.**-jenkins-oscar-skiapp-pr-23.c**d.sharepointoscar.com not available, error was Get http://skiapp.**-jenkins-oscar-skiapp-pr-23.c**d.sharepointoscar.com: dial tcp: lookup skiapp.**-jenkins-oscar-skiapp-pr-23.c**d.sharepointoscar.com on 10.27.240.10:53: no such host, delaying for: 1.292708221s
WARNING: preview application http://skiapp.**-jenkins-oscar-skiapp-pr-23.c**d.sharepointoscar.com not available, error was Get http://skiapp.**-jenkins-oscar-skiapp-pr-23.c**d.sharepointoscar.com: dial tcp: lookup skiapp.**-jenkins-oscar-skiapp-pr-23.c**d.sharepointoscar.com on 10.27.240.10:53: no such host, delaying for: 2.927373846s
WARNING: preview application http://skiapp.**-jenkins-oscar-skiapp-pr-23.c**d.sharepointoscar.com not available, error was Get http://skiapp.**-jenkins-oscar-skiapp-pr-23.c**d.sharepointoscar.com: dial tcp: lookup skiapp.**-jenkins-oscar-skiapp-pr-23.c**d.sharepointoscar.com on 10.27.240.10:53: no such host, delaying for: 4.019081057s
WARNING: preview application http://skiapp.**-jenkins-oscar-skiapp-pr-23.c**d.sharepointoscar.com not available, error was Get http://skiapp.**-jenkins-oscar-skiapp-pr-23.c**d.sharepointoscar.com: dial tcp: lookup skiapp.**-jenkins-oscar-skiapp-pr-23.c**d.sharepointoscar.com on 10.27.240.10:53: no such host, delaying for: 2.964197569s
WARNING: preview application http://skiapp.**-jenkins-oscar-skiapp-pr-23.c**d.sharepointoscar.com not available, error was Get http://skiapp.**-jenkins-oscar-skiapp-pr-23.c**d.sharepointoscar.com: dial tcp: lookup skiapp.**-jenkins-oscar-skiapp-pr-23.c**d.sharepointoscar.com on 10.27.240.10:53: no such host, delaying for: 8.543690371s
WARNING: preview application http://skiapp.**-jenkins-oscar-skiapp-pr-23.c**d.sharepointoscar.com not available, error was Get http://skiapp.**-jenkins-oscar-skiapp-pr-23.c**d.sharepointoscar.com: dial tcp: lookup skiapp.**-jenkins-oscar-skiapp-pr-23.c**d.sharepointoscar.com on 10.27.240.10:53: no such host, delaying for: 5.727696515s
WARNING: preview application http://skiapp.**-jenkins-oscar-skiapp-pr-23.c**d.sharepointoscar.com not available, error was Get http://skiapp.**-jenkins-oscar-skiapp-pr-23.c**d.sharepointoscar.com: dial tcp: lookup skiapp.**-jenkins-oscar-skiapp-pr-23.c**d.sharepointoscar.com on 10.27.240.10:53: no such host, delaying for: 11.510041659s
WARNING: preview application http://skiapp.**-jenkins-oscar-skiapp-pr-23.c**d.sharepointoscar.com not available, error was Get http://skiapp.**-jenkins-oscar-skiapp-pr-23.c**d.sharepointoscar.com: dial tcp: lookup skiapp.**-jenkins-oscar-skiapp-pr-23.c**d.sharepointoscar.com on 10.27.240.10:53: no such host, delaying for: 18.756003535s
WARNING: preview application http://skiapp.**-jenkins-oscar-skiapp-pr-23.c**d.sharepointoscar.com not available, error was Get http://skiapp.**-jenkins-oscar-skiapp-pr-23.c**d.sharepointoscar.com: dial tcp: lookup skiapp.**-jenkins-oscar-skiapp-pr-23.c**d.sharepointoscar.com on 10.27.240.10:53: no such host, delaying for: 56.048646251s
WARNING: preview application http://skiapp.**-jenkins-oscar-skiapp-pr-23.c**d.sharepointoscar.com not available, error was Get http://skiapp.**-jenkins-oscar-skiapp-pr-23.c**d.sharepointoscar.com: dial tcp: lookup skiapp.**-jenkins-oscar-skiapp-pr-23.c**d.sharepointoscar.com on 10.27.240.10:53: no such host, delaying for: 33.226033982s
WARNING: preview application http://skiapp.**-jenkins-oscar-skiapp-pr-23.c**d.sharepointoscar.com not available, error was Get http://skiapp.**-jenkins-oscar-skiapp-pr-23.c**d.sharepointoscar.com: dial tcp: lookup skiapp.**-jenkins-oscar-skiapp-pr-23.c**d.sharepointoscar.com on 10.27.240.10:53: no such host, delaying for: 1m8.198652842s
WARNING: preview application http://skiapp.**-jenkins-oscar-skiapp-pr-23.c**d.sharepointoscar.com not available, error was Get http://skiapp.**-jenkins-oscar-skiapp-pr-23.c**d.sharepointoscar.com: dial tcp: lookup skiapp.**-jenkins-oscar-skiapp-pr-23.c**d.sharepointoscar.com on 10.27.240.10:53: no such host, delaying for: 40.1207801s
WARNING: preview application http://skiapp.**-jenkins-oscar-skiapp-pr-23.c**d.sharepointoscar.com not available, error was Get http://skiapp.**-jenkins-oscar-skiapp-pr-23.c**d.sharepointoscar.com: dial tcp: lookup skiapp.**-jenkins-oscar-skiapp-pr-23.c**d.sharepointoscar.com on 10.27.240.10:53: no such host, delaying for: 1m20.917975255s
Preview application is now available at: http://skiapp.**-jenkins-oscar-skiapp-pr-23.c**d.sharepointoscar.com
