
Showing logs for build [32mjenkins-oscar-skiapp-pr-20-pr-b-gkwsj-2[0m stage [32mfrom-build-pack[0m and container [32mstep-credential-initializer-7cxh4[0m
{"level":"warn","ts":1589404573.0447028,"logger":"fallback-logger","caller":"logging/config.go:69","msg":"Fetch GitHub commit ID from kodata failed: \"ref: refs/heads/0.8.0-**-support-backwards-incompats\" is not a valid GitHub commit ID"}
{"level":"info","ts":1589404573.0453506,"logger":"fallback-logger","caller":"creds-init/main.go:40","msg":"Credentials initialized."}

Showing logs for build [32mjenkins-oscar-skiapp-pr-20-pr-b-gkwsj-2[0m stage [32mfrom-build-pack[0m and container [32mstep-working-dir-initializer-q9j8l[0m
{"level":"warn","ts":1589404574.4466338,"logger":"fallback-logger","caller":"logging/config.go:69","msg":"Fetch GitHub commit ID from kodata failed: open /var/run/ko/HEAD: no such file or directory"}
{"level":"info","ts":1589404574.4494803,"logger":"fallback-logger","caller":"bash/main.go:64","msg":"Successfully executed command \"sh -c mkdir -p /workspace/source\"; output "}

Showing logs for build [32mjenkins-oscar-skiapp-pr-20-pr-b-gkwsj-2[0m stage [32mfrom-build-pack[0m and container [32mstep-place-tools[0m

Showing logs for build [32mjenkins-oscar-skiapp-pr-20-pr-b-gkwsj-2[0m stage [32mfrom-build-pack[0m and container [32mstep-git-source-jenkins-oscar-skiapp-pr-20-pr-b-gkwsj-qr2p6[0m
{"level":"warn","ts":1589404582.6434026,"logger":"fallback-logger","caller":"logging/config.go:69","msg":"Fetch GitHub commit ID from kodata failed: \"ref: refs/heads/0.8.0-**-support-backwards-incompats\" is not a valid GitHub commit ID"}
{"level":"info","ts":1589404583.7296257,"logger":"fallback-logger","caller":"git/git.go:103","msg":"Successfully cloned https://github.com/jenkins-oscar/skiapp.git @ master in path /workspace/source"}

Showing logs for build [32mjenkins-oscar-skiapp-pr-20-pr-b-gkwsj-2[0m stage [32mfrom-build-pack[0m and container [32mstep-git-merge[0m
Using SHAs from PULL_REFS=master:2f7d10fb451befa1e51a8a1714c248bda730deaa,20:1c3115a4c3e4fd80e15ae0186e28ffa651d918a5
DEBUG: JX_LOG_LEVEL=error LC_ALL=C git fetch origin --unshallow 1c3115a4c3e4fd80e15ae0186e28ffa651d918a5: 2f7d10fb451befa1e51a8a1714c248bda730deaa:
DEBUG: ran git fetch --unshallow origin 1c3115a4c3e4fd80e15ae0186e28ffa651d918a5: 2f7d10fb451befa1e51a8a1714c248bda730deaa: in 
DEBUG: JX_LOG_LEVEL=error LC_ALL=C git branch
DEBUG: LC_ALL=C JX_LOG_LEVEL=error git checkout master
DEBUG: ran git checkout master in 
DEBUG: LC_ALL=C JX_LOG_LEVEL=error git reset --hard 2f7d10fb451befa1e51a8a1714c248bda730deaa
DEBUG: ran git reset --hard 2f7d10fb451befa1e51a8a1714c248bda730deaa in 
DEBUG: LC_ALL=C JX_LOG_LEVEL=error git clean -fd .
DEBUG: ran clean --force -d . in 
DEBUG: LC_ALL=C JX_LOG_LEVEL=error git merge 1c3115a4c3e4fd80e15ae0186e28ffa651d918a5
DEBUG: ran git merge 1c3115a4c3e4fd80e15ae0186e28ffa651d918a5 in 
DEBUG: LC_ALL=C JX_LOG_LEVEL=error git log --format=%H%x1f%an%x1f%ae%x1f%cn%x1f%ce%x1f%s%n%b%x1e 2f7d10fb451befa1e51a8a1714c248bda730deaa..HEAD
Merged SHA 1c3115a4c3e4fd80e15ae0186e28ffa651d918a5 with commit message 'added registry port env var' into base branch master
Merged SHA 2de5ecc7429263ae8b1f06a72fd460353781e214 with commit message 'adding global var for pipeline' into base branch master

Showing logs for build [32mjenkins-oscar-skiapp-pr-20-pr-b-gkwsj-2[0m stage [32mfrom-build-pack[0m and container [32mstep-build-npmrc[0m
Command "credential" is deprecated, it will be removed on Jun 1 2020.  This is replaced by Tekton's mounted secrets
WARNING: failed to find Secret npm-token in namespace **

Showing logs for build [32mjenkins-oscar-skiapp-pr-20-pr-b-gkwsj-2[0m stage [32mfrom-build-pack[0m and container [32mstep-build-npm-install[0m
npm WARN skiapp@1.0.0 No repository field.
npm WARN skiapp@1.0.0 No license field.

added 152 packages from 599 contributors and audited 152 packages in 4.748s
found 4 low severity vulnerabilities
  run `npm audit fix` to fix them, or `npm audit` for details

Showing logs for build [32mjenkins-oscar-skiapp-pr-20-pr-b-gkwsj-2[0m stage [32mfrom-build-pack[0m and container [32mstep-build-npm-test[0m

> skiapp@1.0.0 test /workspace/source
> ./node_modules/mocha/bin/mocha tests/ --exit

Server running at http://localhost:8080


  GET Home page
    ✓ Should return a 200 ok response (79ms)


  1 passing (104ms)


Showing logs for build [32mjenkins-oscar-skiapp-pr-20-pr-b-gkwsj-2[0m stage [32mfrom-build-pack[0m and container [32mstep-build-container-build[0m
[36mINFO[0m[0000] Downloading base image node:9-slim           
ERROR: logging before flag.Parse: E0513 21:16:56.816618      10 metadata.go:159] while reading 'google-dockercfg-url' metadata: http status code: 404 while fetching url http://metadata.google.internal./computeMetadata/v1/instance/attributes/google-dockercfg-url
ERROR: logging before flag.Parse: E0513 21:16:56.824623      10 metadata.go:142] while reading 'google-dockercfg' metadata: http status code: 404 while fetching url http://metadata.google.internal./computeMetadata/v1/instance/attributes/google-dockercfg
2020/05/13 21:16:56 No matching credentials were found, falling back on anonymous
[36mINFO[0m[0001] Error while retrieving image from cache: getting file info: stat /workspace/sha256:0e0175bbe4f8d9d104590d8d2c591017874e30977cb71aaff1cf6fa99479575c: no such file or directory 
[36mINFO[0m[0001] Downloading base image node:9-slim           
2020/05/13 21:16:57 No matching credentials were found, falling back on anonymous
[36mINFO[0m[0002] Executing 0 build triggers                   
[36mINFO[0m[0002] cmd: EXPOSE                                  
[36mINFO[0m[0002] Adding exposed port: 8080/tcp                
[36mINFO[0m[0002] Using files from context: [/workspace/source] 
[36mINFO[0m[0002] Skipping unpacking as no commands require it. 
[36mINFO[0m[0002] Taking snapshot of full filesystem...        
[36mINFO[0m[0002] ENV PORT 8080                                
[36mINFO[0m[0002] No files changed in this command, skipping snapshotting. 
[36mINFO[0m[0002] EXPOSE 8080                                  
[36mINFO[0m[0002] cmd: EXPOSE                                  
[36mINFO[0m[0002] Adding exposed port: 8080/tcp                
[36mINFO[0m[0002] No files changed in this command, skipping snapshotting. 
[36mINFO[0m[0002] WORKDIR /usr/src/app                         
[36mINFO[0m[0002] cmd: workdir                                 
[36mINFO[0m[0002] Changed working directory to /usr/src/app    
[36mINFO[0m[0002] Creating directory /usr/src/app              
[36mINFO[0m[0002] Taking snapshot of files...                  
[36mINFO[0m[0002] Using files from context: [/workspace/source] 
[36mINFO[0m[0002] COPY . .                                     
[36mINFO[0m[0003] Taking snapshot of files...                  
[36mINFO[0m[0004] CMD ["npm", "start"]                         
[36mINFO[0m[0004] No files changed in this command, skipping snapshotting. 
2020/05/13 21:17:01 existing blob: sha256:e01bd28a434b56ffd2a3fe9aa99b9b69aecca69904843edd30b1ee7150d79904
2020/05/13 21:17:01 existing blob: sha256:a88538b9cd05cfa611e43a25582a95ad7879f6fa708b0386a26b71ee62235bb3
2020/05/13 21:17:01 existing blob: sha256:196b8e3c919d5639193ba6c6e54774528942041bbc37606631a2250502985c3c
2020/05/13 21:17:01 existing blob: sha256:7d083412657baa2dafba8d093034ef26f9ed2c90fb6ed95f76bb55aff03ed429
2020/05/13 21:17:01 existing blob: sha256:5bba3ecb4cd6374a19da45f2a3db0a9c0804984358b3bb4b666c28944016e5ff
2020/05/13 21:17:03 pushed blob: sha256:eaee14bdc23ca84b70b1997b5e325bd71000227aa8a0107dfd622b89119dcb00
2020/05/13 21:17:03 pushed blob: sha256:bc4800e11dc173693d0d7e95f8b917af73eb6476dd4b869314299b1d135d0dcf
2020/05/13 21:17:04 pushed blob: sha256:96426743d6796e2c064b7c6fb80735389b74c8fa55d830bea580a9747f9e3434
2020/05/13 21:17:04 gcr.io/**-development/skiapp:0.0.0-SNAPSHOT-PR-20-2: digest: sha256:881bcbf7c48b6e80776c7729bd96ea51bece849a9c2b842905f98bb843103940 size: 1407

Showing logs for build [32mjenkins-oscar-skiapp-pr-20-pr-b-gkwsj-2[0m stage [32mfrom-build-pack[0m and container [32mstep-postbuild-post-build[0m
adding image gcr.io//skiapp:0.0.0-SNAPSHOT-PR-20-2 to CVE provider
error: error adding image to CVE provider: failed to add image gcr.io//skiapp:0.0.0-SNAPSHOT-PR-20-2 to ******* engine: exit status 2
[31m
Pipeline failed on stage 'from-build-pack' : container 'step-postbuild-post-build'. The execution of the pipeline has stopped.[0m
