
Showing logs for build [32mjenkins-oscar-skiapp-pr-20-pr-b-skdtd-3[0m stage [32mfrom-build-pack[0m and container [32mstep-credential-initializer-9kjhd[0m
{"level":"warn","ts":1589406655.62531,"logger":"fallback-logger","caller":"logging/config.go:69","msg":"Fetch GitHub commit ID from kodata failed: \"ref: refs/heads/0.8.0-**-support-backwards-incompats\" is not a valid GitHub commit ID"}
{"level":"info","ts":1589406655.6257083,"logger":"fallback-logger","caller":"creds-init/main.go:40","msg":"Credentials initialized."}

Showing logs for build [32mjenkins-oscar-skiapp-pr-20-pr-b-skdtd-3[0m stage [32mfrom-build-pack[0m and container [32mstep-working-dir-initializer-d4pzc[0m
{"level":"warn","ts":1589406656.9782486,"logger":"fallback-logger","caller":"logging/config.go:69","msg":"Fetch GitHub commit ID from kodata failed: open /var/run/ko/HEAD: no such file or directory"}
{"level":"info","ts":1589406656.9799626,"logger":"fallback-logger","caller":"bash/main.go:64","msg":"Successfully executed command \"sh -c mkdir -p /workspace/source\"; output "}

Showing logs for build [32mjenkins-oscar-skiapp-pr-20-pr-b-skdtd-3[0m stage [32mfrom-build-pack[0m and container [32mstep-place-tools[0m

Showing logs for build [32mjenkins-oscar-skiapp-pr-20-pr-b-skdtd-3[0m stage [32mfrom-build-pack[0m and container [32mstep-git-source-jenkins-oscar-skiapp-pr-20-pr-b-skdtd-fbsqq[0m
{"level":"warn","ts":1589406664.0972984,"logger":"fallback-logger","caller":"logging/config.go:69","msg":"Fetch GitHub commit ID from kodata failed: \"ref: refs/heads/0.8.0-**-support-backwards-incompats\" is not a valid GitHub commit ID"}
{"level":"info","ts":1589406665.1372516,"logger":"fallback-logger","caller":"git/git.go:103","msg":"Successfully cloned https://github.com/jenkins-oscar/skiapp.git @ master in path /workspace/source"}

Showing logs for build [32mjenkins-oscar-skiapp-pr-20-pr-b-skdtd-3[0m stage [32mfrom-build-pack[0m and container [32mstep-git-merge[0m
Using SHAs from PULL_REFS=master:2f7d10fb451befa1e51a8a1714c248bda730deaa,20:3bcb98c6b18cf817ac677b1f554bc9531a2543b5
DEBUG: LC_ALL=C JX_LOG_LEVEL=error git fetch origin --unshallow 3bcb98c6b18cf817ac677b1f554bc9531a2543b5: 2f7d10fb451befa1e51a8a1714c248bda730deaa:
DEBUG: ran git fetch --unshallow origin 3bcb98c6b18cf817ac677b1f554bc9531a2543b5: 2f7d10fb451befa1e51a8a1714c248bda730deaa: in 
DEBUG: LC_ALL=C JX_LOG_LEVEL=error git branch
DEBUG: JX_LOG_LEVEL=error LC_ALL=C git checkout master
DEBUG: ran git checkout master in 
DEBUG: LC_ALL=C JX_LOG_LEVEL=error git reset --hard 2f7d10fb451befa1e51a8a1714c248bda730deaa
DEBUG: ran git reset --hard 2f7d10fb451befa1e51a8a1714c248bda730deaa in 
DEBUG: LC_ALL=C JX_LOG_LEVEL=error git clean -fd .
DEBUG: ran clean --force -d . in 
DEBUG: LC_ALL=C JX_LOG_LEVEL=error git merge 3bcb98c6b18cf817ac677b1f554bc9531a2543b5
DEBUG: ran git merge 3bcb98c6b18cf817ac677b1f554bc9531a2543b5 in 
DEBUG: LC_ALL=C JX_LOG_LEVEL=error git log --format=%H%x1f%an%x1f%ae%x1f%cn%x1f%ce%x1f%s%n%b%x1e 2f7d10fb451befa1e51a8a1714c248bda730deaa..HEAD
Merged SHA 3bcb98c6b18cf817ac677b1f554bc9531a2543b5 with commit message 'changed registry to port 80' into base branch master
Merged SHA 3491021e00a26e0dd6c647b7b753add237ba9288 with commit message 'added registry port env var' into base branch master
Merged SHA 1c3115a4c3e4fd80e15ae0186e28ffa651d918a5 with commit message 'added registry port env var' into base branch master
Merged SHA 2de5ecc7429263ae8b1f06a72fd460353781e214 with commit message 'adding global var for pipeline' into base branch master

Showing logs for build [32mjenkins-oscar-skiapp-pr-20-pr-b-skdtd-3[0m stage [32mfrom-build-pack[0m and container [32mstep-build-npmrc[0m
Command "credential" is deprecated, it will be removed on Jun 1 2020.  This is replaced by Tekton's mounted secrets
WARNING: failed to find Secret npm-token in namespace **

Showing logs for build [32mjenkins-oscar-skiapp-pr-20-pr-b-skdtd-3[0m stage [32mfrom-build-pack[0m and container [32mstep-build-npm-install[0m
npm WARN skiapp@1.0.0 No repository field.
npm WARN skiapp@1.0.0 No license field.

added 152 packages from 599 contributors and audited 152 packages in 4.181s
found 4 low severity vulnerabilities
  run `npm audit fix` to fix them, or `npm audit` for details

Showing logs for build [32mjenkins-oscar-skiapp-pr-20-pr-b-skdtd-3[0m stage [32mfrom-build-pack[0m and container [32mstep-build-npm-test[0m

> skiapp@1.0.0 test /workspace/source
> ./node_modules/mocha/bin/mocha tests/ --exit

Server running at http://localhost:8080


  GET Home page
    ✓ Should return a 200 ok response


  1 passing (41ms)


Showing logs for build [32mjenkins-oscar-skiapp-pr-20-pr-b-skdtd-3[0m stage [32mfrom-build-pack[0m and container [32mstep-build-container-build[0m
[36mINFO[0m[0000] Downloading base image node:9-slim           
ERROR: logging before flag.Parse: E0513 21:51:15.143127      10 metadata.go:159] while reading 'google-dockercfg-url' metadata: http status code: 404 while fetching url http://metadata.google.internal./computeMetadata/v1/instance/attributes/google-dockercfg-url
ERROR: logging before flag.Parse: E0513 21:51:15.150646      10 metadata.go:142] while reading 'google-dockercfg' metadata: http status code: 404 while fetching url http://metadata.google.internal./computeMetadata/v1/instance/attributes/google-dockercfg
2020/05/13 21:51:15 No matching credentials were found, falling back on anonymous
[36mINFO[0m[0001] Error while retrieving image from cache: getting file info: stat /workspace/sha256:0e0175bbe4f8d9d104590d8d2c591017874e30977cb71aaff1cf6fa99479575c: no such file or directory 
[36mINFO[0m[0001] Downloading base image node:9-slim           
2020/05/13 21:51:16 No matching credentials were found, falling back on anonymous
[36mINFO[0m[0001] Executing 0 build triggers                   
[36mINFO[0m[0001] cmd: EXPOSE                                  
[36mINFO[0m[0001] Adding exposed port: 8080/tcp                
[36mINFO[0m[0001] Using files from context: [/workspace/source] 
[36mINFO[0m[0001] Skipping unpacking as no commands require it. 
[36mINFO[0m[0001] Taking snapshot of full filesystem...        
[36mINFO[0m[0001] ENV PORT 8080                                
[36mINFO[0m[0002] No files changed in this command, skipping snapshotting. 
[36mINFO[0m[0002] EXPOSE 8080                                  
[36mINFO[0m[0002] cmd: EXPOSE                                  
[36mINFO[0m[0002] Adding exposed port: 8080/tcp                
[36mINFO[0m[0002] No files changed in this command, skipping snapshotting. 
[36mINFO[0m[0002] WORKDIR /usr/src/app                         
[36mINFO[0m[0002] cmd: workdir                                 
[36mINFO[0m[0002] Changed working directory to /usr/src/app    
[36mINFO[0m[0002] Creating directory /usr/src/app              
[36mINFO[0m[0002] Taking snapshot of files...                  
[36mINFO[0m[0002] Using files from context: [/workspace/source] 
[36mINFO[0m[0002] COPY . .                                     
[36mINFO[0m[0003] Taking snapshot of files...                  
[36mINFO[0m[0004] CMD ["npm", "start"]                         
[36mINFO[0m[0004] No files changed in this command, skipping snapshotting. 
2020/05/13 21:51:19 existing blob: sha256:a88538b9cd05cfa611e43a25582a95ad7879f6fa708b0386a26b71ee62235bb3
2020/05/13 21:51:19 existing blob: sha256:5bba3ecb4cd6374a19da45f2a3db0a9c0804984358b3bb4b666c28944016e5ff
2020/05/13 21:51:19 existing blob: sha256:e01bd28a434b56ffd2a3fe9aa99b9b69aecca69904843edd30b1ee7150d79904
2020/05/13 21:51:19 existing blob: sha256:196b8e3c919d5639193ba6c6e54774528942041bbc37606631a2250502985c3c
2020/05/13 21:51:19 existing blob: sha256:7d083412657baa2dafba8d093034ef26f9ed2c90fb6ed95f76bb55aff03ed429
2020/05/13 21:51:21 pushed blob: sha256:2028c15c661abbf52eee9aaaa87ba741f6524537c94c245473be5409c2e8dda3
2020/05/13 21:51:21 pushed blob: sha256:7d4e4e64547de190fd8b4e772c2a144a3cd89855fcc5852a3a92d44cccfdaaf0
2020/05/13 21:51:22 pushed blob: sha256:576a99cb6e08d06036565004d1ef1a10969d79cedfbf58a87f9b39f1513ef385
2020/05/13 21:51:22 gcr.io/**-development/skiapp:0.0.0-SNAPSHOT-PR-20-3: digest: sha256:93b0589eca59e384e3a33861a14c5caf04ed98dd0037136a93753ccd777645b1 size: 1407

Showing logs for build [32mjenkins-oscar-skiapp-pr-20-pr-b-skdtd-3[0m stage [32mfrom-build-pack[0m and container [32mstep-postbuild-post-build[0m
adding image gcr.io//skiapp:0.0.0-SNAPSHOT-PR-20-3 to CVE provider
error: error adding image to CVE provider: failed to add image gcr.io//skiapp:0.0.0-SNAPSHOT-PR-20-3 to ******* engine: exit status 2
[31m
Pipeline failed on stage 'from-build-pack' : container 'step-postbuild-post-build'. The execution of the pipeline has stopped.[0m
