
Showing logs for build [32mjenkins-oscar-skiapp-master-rel-nz7kj-10[0m stage [32mfrom-build-pack[0m and container [32mstep-credential-initializer-sd4v9[0m
{"level":"warn","ts":1588023619.8904502,"logger":"fallback-logger","caller":"logging/config.go:69","msg":"Fetch GitHub commit ID from kodata failed: \"ref: refs/heads/0.8.0-**-support-backwards-incompats\" is not a valid GitHub commit ID"}
{"level":"info","ts":1588023619.891086,"logger":"fallback-logger","caller":"creds-init/main.go:40","msg":"Credentials initialized."}

Showing logs for build [32mjenkins-oscar-skiapp-master-rel-nz7kj-10[0m stage [32mfrom-build-pack[0m and container [32mstep-working-dir-initializer-n5z6z[0m
{"level":"warn","ts":1588023621.3001704,"logger":"fallback-logger","caller":"logging/config.go:69","msg":"Fetch GitHub commit ID from kodata failed: open /var/run/ko/HEAD: no such file or directory"}
{"level":"info","ts":1588023621.3025172,"logger":"fallback-logger","caller":"bash/main.go:64","msg":"Successfully executed command \"sh -c mkdir -p /workspace/source\"; output "}

Showing logs for build [32mjenkins-oscar-skiapp-master-rel-nz7kj-10[0m stage [32mfrom-build-pack[0m and container [32mstep-place-tools[0m

Showing logs for build [32mjenkins-oscar-skiapp-master-rel-nz7kj-10[0m stage [32mfrom-build-pack[0m and container [32mstep-git-source-jenkins-oscar-skiapp-master-rel-nz7kj-4cjl6[0m
{"level":"warn","ts":1588023629.4544854,"logger":"fallback-logger","caller":"logging/config.go:69","msg":"Fetch GitHub commit ID from kodata failed: \"ref: refs/heads/0.8.0-**-support-backwards-incompats\" is not a valid GitHub commit ID"}
{"level":"info","ts":1588023631.057589,"logger":"fallback-logger","caller":"git/git.go:103","msg":"Successfully cloned https://github.com/jenkins-oscar/skiapp.git @ v0.0.78 in path /workspace/source"}

Showing logs for build [32mjenkins-oscar-skiapp-master-rel-nz7kj-10[0m stage [32mfrom-build-pack[0m and container [32mstep-git-merge[0m
Using SHAs from PULL_REFS=master:49c68b8de2721b963e89dace8e6ab0a85206952b
WARNING: no SHAs to merge, falling back to initial cloned commit

Showing logs for build [32mjenkins-oscar-skiapp-master-rel-nz7kj-10[0m stage [32mfrom-build-pack[0m and container [32mstep-setup-jx-git-credentials[0m
Generated Git credentials file /workspace/xdg_config/git/credentials

Showing logs for build [32mjenkins-oscar-skiapp-master-rel-nz7kj-10[0m stage [32mfrom-build-pack[0m and container [32mstep-build-npmrc[0m
Command "credential" is deprecated, it will be removed on Jun 1 2020.  This is replaced by Tekton's mounted secrets
WARNING: failed to find Secret npm-token in namespace **

Showing logs for build [32mjenkins-oscar-skiapp-master-rel-nz7kj-10[0m stage [32mfrom-build-pack[0m and container [32mstep-build-npm-install[0m
npm WARN skiapp@1.0.0 No repository field.
npm WARN skiapp@1.0.0 No license field.

added 152 packages from 599 contributors and audited 269 packages in 4.578s
found 1 low severity vulnerability
  run `npm audit fix` to fix them, or `npm audit` for details

Showing logs for build [32mjenkins-oscar-skiapp-master-rel-nz7kj-10[0m stage [32mfrom-build-pack[0m and container [32mstep-build-npm-test[0m

> skiapp@1.0.0 test /workspace/source
> ./node_modules/mocha/bin/mocha tests/ --exit

Server running at http://localhost:8080


  GET Home page
    ✓ Should return a 200 ok response (40ms)


  1 passing (53ms)


Showing logs for build [32mjenkins-oscar-skiapp-master-rel-nz7kj-10[0m stage [32mfrom-build-pack[0m and container [32mstep-build-container-build[0m
[36mINFO[0m[0000] Downloading base image node:9-slim           
ERROR: logging before flag.Parse: E0427 21:40:40.957003      10 metadata.go:142] while reading 'google-dockercfg' metadata: http status code: 404 while fetching url http://metadata.google.internal./computeMetadata/v1/instance/attributes/google-dockercfg
ERROR: logging before flag.Parse: E0427 21:40:40.960828      10 metadata.go:159] while reading 'google-dockercfg-url' metadata: http status code: 404 while fetching url http://metadata.google.internal./computeMetadata/v1/instance/attributes/google-dockercfg-url
2020/04/27 21:40:40 No matching credentials were found, falling back on anonymous
[36mINFO[0m[0001] Error while retrieving image from cache: getting file info: stat /workspace/sha256:0e0175bbe4f8d9d104590d8d2c591017874e30977cb71aaff1cf6fa99479575c: no such file or directory 
[36mINFO[0m[0001] Downloading base image node:9-slim           
2020/04/27 21:40:41 No matching credentials were found, falling back on anonymous
[36mINFO[0m[0001] Executing 0 build triggers                   
[36mINFO[0m[0001] cmd: EXPOSE                                  
[36mINFO[0m[0001] Adding exposed port: 8080/tcp                
[36mINFO[0m[0001] Using files from context: [/workspace/source] 
[36mINFO[0m[0001] Skipping unpacking as no commands require it. 
[36mINFO[0m[0001] Taking snapshot of full filesystem...        
[36mINFO[0m[0001] ENV PORT 8080                                
[36mINFO[0m[0001] No files changed in this command, skipping snapshotting. 
[36mINFO[0m[0001] EXPOSE 8080                                  
[36mINFO[0m[0001] cmd: EXPOSE                                  
[36mINFO[0m[0001] Adding exposed port: 8080/tcp                
[36mINFO[0m[0001] No files changed in this command, skipping snapshotting. 
[36mINFO[0m[0001] WORKDIR /usr/src/app                         
[36mINFO[0m[0001] cmd: workdir                                 
[36mINFO[0m[0001] Changed working directory to /usr/src/app    
[36mINFO[0m[0001] Creating directory /usr/src/app              
[36mINFO[0m[0001] Taking snapshot of files...                  
[36mINFO[0m[0001] Using files from context: [/workspace/source] 
[36mINFO[0m[0002] COPY . .                                     
[36mINFO[0m[0003] Taking snapshot of files...                  
[36mINFO[0m[0004] CMD ["npm", "start"]                         
[36mINFO[0m[0004] No files changed in this command, skipping snapshotting. 
2020/04/27 21:40:45 existing blob: sha256:a88538b9cd05cfa611e43a25582a95ad7879f6fa708b0386a26b71ee62235bb3
2020/04/27 21:40:45 existing blob: sha256:7d083412657baa2dafba8d093034ef26f9ed2c90fb6ed95f76bb55aff03ed429
2020/04/27 21:40:45 existing blob: sha256:196b8e3c919d5639193ba6c6e54774528942041bbc37606631a2250502985c3c
2020/04/27 21:40:45 existing blob: sha256:e01bd28a434b56ffd2a3fe9aa99b9b69aecca69904843edd30b1ee7150d79904
2020/04/27 21:40:45 existing blob: sha256:5bba3ecb4cd6374a19da45f2a3db0a9c0804984358b3bb4b666c28944016e5ff
2020/04/27 21:40:47 pushed blob: sha256:188df1fd9b91f6591d95eb75881ea2fe226e1f6dbbb3c793b6f816594d88d5b7
2020/04/27 21:40:47 pushed blob: sha256:0f8b3e3c143b464d7e9fb834fdddda3920d9b128696a2b2a941a64c133ed28fc
2020/04/27 21:40:48 pushed blob: sha256:0c2a205e09a5c6db1384fb8f69432fa81a399777630884985bf782d8dc591026
2020/04/27 21:40:48 gcr.io/**-development/skiapp:0.0.78: digest: sha256:472d2b7e9d028359c0bedeceba3b68c8a7f1e0492f2e980eedfadf7e8e0da19c size: 1407

Showing logs for build [32mjenkins-oscar-skiapp-master-rel-nz7kj-10[0m stage [32mfrom-build-pack[0m and container [32mstep-build-post-build[0m
no CVE provider running in the current ** namespace so skip adding image to be analysed

Showing logs for build [32mjenkins-oscar-skiapp-master-rel-nz7kj-10[0m stage [32mfrom-build-pack[0m and container [32mstep-promote-changelog[0m
Converted /workspace/source/charts/skiapp to an unshallow repository
Generating change log from git ref 386f5040de9ba9b7bb381c353cb82fbbdd30c407 => 24cd86f19361a53439b5d16da75b53c56efc09c1
WARNING: Failed to enrich commit 41cd33f28b70bd4821e253c22d1de2d1dd3ddf6a with issues: selected more than one user from users.jenkins.io: [sharepointoscar x-0]
WARNING: Failed to enrich commit 41cd33f28b70bd4821e253c22d1de2d1dd3ddf6a with issues: selected more than one user from users.jenkins.io: [sharepointoscar x-0]
Finding issues in commit messages using git format
WARNING: No release found for jenkins-oscar/skiapp and tag v0.0.78 so creating a new release
Updated the release information at https://github.com/jenkins-oscar/skiapp/releases/tag/v0.0.78
generated: /workspace/source/charts/skiapp/templates/release.yaml
Created Release skiapp-0-0-78 resource in namespace **
Updating PipelineActivity jenkins-oscar-skiapp-master-10 with version 0.0.78
Updated PipelineActivities jenkins-oscar-skiapp-master-10 with release notes URL: https://github.com/jenkins-oscar/skiapp/releases/tag/v0.0.78

Showing logs for build [32mjenkins-oscar-skiapp-master-rel-nz7kj-10[0m stage [32mfrom-build-pack[0m and container [32mstep-promote-helm-release[0m
WARNING: No $CHART_REPOSITORY defined so using the default value of: http://jenkins-x-chartmuseum:8080
Adding missing Helm repo: storage.googleapis.com https://storage.googleapis.com/chartmuseum.jenkins-x.io
Successfully added Helm repository storage.googleapis.com.
Adding missing Helm repo: jenkins-x-chartmuseum http://jenkins-x-chartmuseum:8080
Successfully added Helm repository jenkins-x-chartmuseum.
WARNING: No $CHART_REPOSITORY defined so using the default value of: http://jenkins-x-chartmuseum:8080
Uploading chart file skiapp-0.1.0-SNAPSHOT.tgz to http://jenkins-x-chartmuseum:8080/api/charts
Received 409 response: {"error":"file already exists"}
error: Failed to post chart to http://jenkins-x-chartmuseum:8080/api/charts due to response 409: {"error":"file already exists"}
[31m
Pipeline failed on stage 'from-build-pack' : container 'step-promote-helm-release'. The execution of the pipeline has stopped.[0m
