
Showing logs for build [32mjenkins-oscar-skiapp-master-rel-27z7b-15[0m stage [32mfrom-build-pack[0m and container [32mstep-credential-initializer-7s6gk[0m
{"level":"warn","ts":1588370488.6459494,"logger":"fallback-logger","caller":"logging/config.go:69","msg":"Fetch GitHub commit ID from kodata failed: \"ref: refs/heads/0.8.0-**-support-backwards-incompats\" is not a valid GitHub commit ID"}
{"level":"info","ts":1588370488.6469307,"logger":"fallback-logger","caller":"creds-init/main.go:40","msg":"Credentials initialized."}

Showing logs for build [32mjenkins-oscar-skiapp-master-rel-27z7b-15[0m stage [32mfrom-build-pack[0m and container [32mstep-working-dir-initializer-lspzx[0m
{"level":"warn","ts":1588370489.1068802,"logger":"fallback-logger","caller":"logging/config.go:69","msg":"Fetch GitHub commit ID from kodata failed: open /var/run/ko/HEAD: no such file or directory"}
{"level":"info","ts":1588370489.111286,"logger":"fallback-logger","caller":"bash/main.go:64","msg":"Successfully executed command \"sh -c mkdir -p /workspace/source\"; output "}

Showing logs for build [32mjenkins-oscar-skiapp-master-rel-27z7b-15[0m stage [32mfrom-build-pack[0m and container [32mstep-place-tools[0m

Showing logs for build [32mjenkins-oscar-skiapp-master-rel-27z7b-15[0m stage [32mfrom-build-pack[0m and container [32mstep-git-source-jenkins-oscar-skiapp-master-rel-27z7b-z6rm2[0m
{"level":"warn","ts":1588370497.1565135,"logger":"fallback-logger","caller":"logging/config.go:69","msg":"Fetch GitHub commit ID from kodata failed: \"ref: refs/heads/0.8.0-**-support-backwards-incompats\" is not a valid GitHub commit ID"}
{"level":"info","ts":1588370498.8153937,"logger":"fallback-logger","caller":"git/git.go:103","msg":"Successfully cloned https://github.com/jenkins-oscar/skiapp.git @ v0.0.84 in path /workspace/source"}

Showing logs for build [32mjenkins-oscar-skiapp-master-rel-27z7b-15[0m stage [32mfrom-build-pack[0m and container [32mstep-git-merge[0m
Using SHAs from PULL_REFS=master:c77c7da1e80ed249d40260ba69fe6dc767f963b7
WARNING: no SHAs to merge, falling back to initial cloned commit

Showing logs for build [32mjenkins-oscar-skiapp-master-rel-27z7b-15[0m stage [32mfrom-build-pack[0m and container [32mstep-setup-jx-git-credentials[0m
Generated Git credentials file /workspace/xdg_config/git/credentials

Showing logs for build [32mjenkins-oscar-skiapp-master-rel-27z7b-15[0m stage [32mfrom-build-pack[0m and container [32mstep-build-npmrc[0m
Command "credential" is deprecated, it will be removed on Jun 1 2020.  This is replaced by Tekton's mounted secrets
WARNING: failed to find Secret npm-token in namespace **

Showing logs for build [32mjenkins-oscar-skiapp-master-rel-27z7b-15[0m stage [32mfrom-build-pack[0m and container [32mstep-build-npm-install[0m
npm WARN skiapp@1.0.0 No repository field.
npm WARN skiapp@1.0.0 No license field.

added 152 packages from 599 contributors and audited 269 packages in 4.378s
found 4 low severity vulnerabilities
  run `npm audit fix` to fix them, or `npm audit` for details

Showing logs for build [32mjenkins-oscar-skiapp-master-rel-27z7b-15[0m stage [32mfrom-build-pack[0m and container [32mstep-build-npm-test[0m

> skiapp@1.0.0 test /workspace/source
> ./node_modules/mocha/bin/mocha tests/ --exit

Server running at http://localhost:8080


  GET Home page
    ✓ Should return a 200 ok response


  1 passing (59ms)


Showing logs for build [32mjenkins-oscar-skiapp-master-rel-27z7b-15[0m stage [32mfrom-build-pack[0m and container [32mstep-build-container-build[0m
[36mINFO[0m[0000] Downloading base image node:9-slim           
ERROR: logging before flag.Parse: E0501 22:01:47.623733      10 metadata.go:142] while reading 'google-dockercfg' metadata: http status code: 404 while fetching url http://metadata.google.internal./computeMetadata/v1/instance/attributes/google-dockercfg
ERROR: logging before flag.Parse: E0501 22:01:47.627800      10 metadata.go:159] while reading 'google-dockercfg-url' metadata: http status code: 404 while fetching url http://metadata.google.internal./computeMetadata/v1/instance/attributes/google-dockercfg-url
2020/05/01 22:01:47 No matching credentials were found, falling back on anonymous
[36mINFO[0m[0001] Error while retrieving image from cache: getting file info: stat /workspace/sha256:0e0175bbe4f8d9d104590d8d2c591017874e30977cb71aaff1cf6fa99479575c: no such file or directory 
[36mINFO[0m[0001] Downloading base image node:9-slim           
2020/05/01 22:01:48 No matching credentials were found, falling back on anonymous
[36mINFO[0m[0001] Executing 0 build triggers                   
[36mINFO[0m[0001] cmd: EXPOSE                                  
[36mINFO[0m[0001] Adding exposed port: 8080/tcp                
[36mINFO[0m[0001] Using files from context: [/workspace/source] 
[36mINFO[0m[0001] Skipping unpacking as no commands require it. 
[36mINFO[0m[0001] Taking snapshot of full filesystem...        
[36mINFO[0m[0001] ENV PORT 8080                                
[36mINFO[0m[0001] No files changed in this command, skipping snapshotting. 
[36mINFO[0m[0001] EXPOSE 8080                                  
[36mINFO[0m[0001] cmd: EXPOSE                                  
[36mINFO[0m[0001] Adding exposed port: 8080/tcp                
[36mINFO[0m[0001] No files changed in this command, skipping snapshotting. 
[36mINFO[0m[0001] WORKDIR /usr/src/app                         
[36mINFO[0m[0001] cmd: workdir                                 
[36mINFO[0m[0001] Changed working directory to /usr/src/app    
[36mINFO[0m[0001] Creating directory /usr/src/app              
[36mINFO[0m[0001] Taking snapshot of files...                  
[36mINFO[0m[0001] Using files from context: [/workspace/source] 
[36mINFO[0m[0002] COPY . .                                     
[36mINFO[0m[0002] Taking snapshot of files...                  
[36mINFO[0m[0003] CMD ["npm", "start"]                         
[36mINFO[0m[0003] No files changed in this command, skipping snapshotting. 
2020/05/01 22:01:51 existing blob: sha256:a88538b9cd05cfa611e43a25582a95ad7879f6fa708b0386a26b71ee62235bb3
2020/05/01 22:01:51 existing blob: sha256:196b8e3c919d5639193ba6c6e54774528942041bbc37606631a2250502985c3c
2020/05/01 22:01:51 existing blob: sha256:7d083412657baa2dafba8d093034ef26f9ed2c90fb6ed95f76bb55aff03ed429
2020/05/01 22:01:51 existing blob: sha256:e01bd28a434b56ffd2a3fe9aa99b9b69aecca69904843edd30b1ee7150d79904
2020/05/01 22:01:51 existing blob: sha256:5bba3ecb4cd6374a19da45f2a3db0a9c0804984358b3bb4b666c28944016e5ff
2020/05/01 22:01:53 pushed blob: sha256:6799aa723310721f7b5c41ff949980734cd4b765570e5d586f87a9a0e3d7a671
2020/05/01 22:01:53 pushed blob: sha256:6ee8ceb6634bb156b9717e732d6d8823468e2044806d705809427ecd796cb0c4
2020/05/01 22:01:54 pushed blob: sha256:6972237797cad4d14ce3ae8625b780e0d9a107bea83844a390c25fe62206f34d
2020/05/01 22:01:54 gcr.io/**-development/skiapp:0.0.84: digest: sha256:7b59f4ad07b0be4776ac93070f4fbc5470ce3af417c57857891937af606c0b71 size: 1407

Showing logs for build [32mjenkins-oscar-skiapp-master-rel-27z7b-15[0m stage [32mfrom-build-pack[0m and container [32mstep-build-post-build[0m
no CVE provider running in the current ** namespace so skip adding image to be analysed

Showing logs for build [32mjenkins-oscar-skiapp-master-rel-27z7b-15[0m stage [32mfrom-build-pack[0m and container [32mstep-promote-changelog[0m
Converted /workspace/source/charts/skiapp to an unshallow repository
Generating change log from git ref ca02b3fad3eec235631c50e510fc24f46c48bb78 => 98be7040951cebad4832d16f3ccaa49e8e926ffe
WARNING: Failed to enrich commit c77c7da1e80ed249d40260ba69fe6dc767f963b7 with issues: selected more than one user from users.jenkins.io: [sharepointoscar x-0]
WARNING: Failed to enrich commit c77c7da1e80ed249d40260ba69fe6dc767f963b7 with issues: selected more than one user from users.jenkins.io: [sharepointoscar x-0]
Finding issues in commit messages using git format
WARNING: No release found for jenkins-oscar/skiapp and tag v0.0.84 so creating a new release
Updated the release information at https://github.com/jenkins-oscar/skiapp/releases/tag/v0.0.84
generated: /workspace/source/charts/skiapp/templates/release.yaml
Created Release skiapp-0-0-84 resource in namespace **
Updating PipelineActivity jenkins-oscar-skiapp-master-15 with version 0.0.84
Updated PipelineActivities jenkins-oscar-skiapp-master-15 with release notes URL: https://github.com/jenkins-oscar/skiapp/releases/tag/v0.0.84

Showing logs for build [32mjenkins-oscar-skiapp-master-rel-27z7b-15[0m stage [32mfrom-build-pack[0m and container [32mstep-promote-helm-release[0m
WARNING: No $CHART_REPOSITORY defined so using the default value of: http://jenkins-x-chartmuseum:8080
Adding missing Helm repo: storage.googleapis.com https://storage.googleapis.com/chartmuseum.jenkins-x.io
Successfully added Helm repository storage.googleapis.com.
Adding missing Helm repo: jenkins-x-chartmuseum http://jenkins-x-chartmuseum:8080
Successfully added Helm repository jenkins-x-chartmuseum.
WARNING: No $CHART_REPOSITORY defined so using the default value of: http://jenkins-x-chartmuseum:8080
Uploading chart file skiapp-0.0.84.tgz to http://jenkins-x-chartmuseum:8080/api/charts
Received 201 response: {"saved":true}

Showing logs for build [32mjenkins-oscar-skiapp-master-rel-27z7b-15[0m stage [32mfrom-build-pack[0m and container [32mstep-promote-jx-promote[0m
WARNING: prow based install so skip waiting for the merge of Pull Requests to go green as currently there is an issue with gettingstatuses from the PR, see https://github.com/jenkins-x/**/issues/2410
WARNING: No $CHART_REPOSITORY defined so using the default value of: http://jenkins-x-chartmuseum:8080
Promoting app skiapp version 0.0.84 to namespace **-staging
WARNING: 
Created Pull Request: https://github.com/jenkins-oscar/environment-oldfashioned-staging/pull/10
Added label updatebot to Pull Request https://github.com/jenkins-oscar/environment-oldfashioned-staging/pull/10
got git provider status pending from PR https://github.com/jenkins-oscar/environment-oldfashioned-staging/pull/10
got git provider status pending from PR https://github.com/jenkins-oscar/environment-oldfashioned-staging/pull/10
got git provider status pending from PR https://github.com/jenkins-oscar/environment-oldfashioned-staging/pull/10
got git provider status pending from PR https://github.com/jenkins-oscar/environment-oldfashioned-staging/pull/10
Pull Request https://github.com/jenkins-oscar/environment-oldfashioned-staging/pull/10 is merged at sha d557598118232194aed1f11098455ef8b981bffb
Pull Request merged but we are not waiting for the update pipeline to complete!
