
Showing logs for build [32mmeta-jenkins-oscar-skiapp-maste-z68pt-2[0m stage [32mmeta-pipeline[0m and container [32mstep-credential-initializer-d4pjt[0m
{"level":"warn","ts":1588370459.0787013,"logger":"fallback-logger","caller":"logging/config.go:69","msg":"Fetch GitHub commit ID from kodata failed: \"ref: refs/heads/0.8.0-**-support-backwards-incompats\" is not a valid GitHub commit ID"}
{"level":"info","ts":1588370459.0792015,"logger":"fallback-logger","caller":"creds-init/main.go:40","msg":"Credentials initialized."}

Showing logs for build [32mmeta-jenkins-oscar-skiapp-maste-z68pt-2[0m stage [32mmeta-pipeline[0m and container [32mstep-working-dir-initializer-4s6g9[0m
{"level":"warn","ts":1588370460.3856785,"logger":"fallback-logger","caller":"logging/config.go:69","msg":"Fetch GitHub commit ID from kodata failed: open /var/run/ko/HEAD: no such file or directory"}
{"level":"info","ts":1588370460.3903568,"logger":"fallback-logger","caller":"bash/main.go:64","msg":"Successfully executed command \"sh -c mkdir -p /workspace/source\"; output "}

Showing logs for build [32mmeta-jenkins-oscar-skiapp-maste-z68pt-2[0m stage [32mmeta-pipeline[0m and container [32mstep-place-tools[0m

Showing logs for build [32mmeta-jenkins-oscar-skiapp-maste-z68pt-2[0m stage [32mmeta-pipeline[0m and container [32mstep-git-source-meta-jenkins-oscar-skiapp-maste-z68pt-kxl8g[0m
{"level":"warn","ts":1588370466.5304637,"logger":"fallback-logger","caller":"logging/config.go:69","msg":"Fetch GitHub commit ID from kodata failed: \"ref: refs/heads/0.8.0-**-support-backwards-incompats\" is not a valid GitHub commit ID"}
{"level":"info","ts":1588370468.1934156,"logger":"fallback-logger","caller":"git/git.go:103","msg":"Successfully cloned https://github.com/jenkins-oscar/skiapp.git @ c77c7da1e80ed249d40260ba69fe6dc767f963b7 in path /workspace/source"}

Showing logs for build [32mmeta-jenkins-oscar-skiapp-maste-z68pt-2[0m stage [32mmeta-pipeline[0m and container [32mstep-git-merge[0m
Using SHAs from PULL_REFS=master:c77c7da1e80ed249d40260ba69fe6dc767f963b7
WARNING: no SHAs to merge, falling back to initial cloned commit

Showing logs for build [32mmeta-jenkins-oscar-skiapp-maste-z68pt-2[0m stage [32mmeta-pipeline[0m and container [32mstep-merge-pull-refs[0m
SKIP merge-pull-refs: Nothing to merge

Showing logs for build [32mmeta-jenkins-oscar-skiapp-maste-z68pt-2[0m stage [32mmeta-pipeline[0m and container [32mstep-create-effective-pipeline[0m
Effective pipeline written to jenkins-x-release-effective.yml

Showing logs for build [32mmeta-jenkins-oscar-skiapp-maste-z68pt-2[0m stage [32mmeta-pipeline[0m and container [32mstep-create-tekton-crds[0m
running command: echo \$(**-release-version) > VERSION

running command: ** step tag --version \$(cat VERSION)
Updating chart version in charts/skiapp/Chart.yaml to 0.0.84
Updating repository in charts/skiapp/values.yaml to gcr.io/**-development/skiapp
Updating tag in charts/skiapp/values.yaml to 0.0.84
error: Have you set up a git credential helper? See https://help.github.com/articles/caching-your-github-password-in-git/
: git output: To https://github.com/jenkins-oscar/skiapp.git
 ! [remote rejected] v0.0.84 -> v0.0.84 (cannot lock ref 'refs/tags/v0.0.84': reference already exists)
error: failed to push some refs to 'https://github.com/jenkins-oscar/skiapp.git': failed to run 'git push origin v0.0.84' command in directory '', output: 'To https://github.com/jenkins-oscar/skiapp.git
 ! [remote rejected] v0.0.84 -> v0.0.84 (cannot lock ref 'refs/tags/v0.0.84': reference already exists)
error: failed to push some refs to 'https://github.com/jenkins-oscar/skiapp.git''
error: failed to set the version on release pipelines: failed to run '/bin/sh -c ** step tag --version $(cat VERSION)' command in directory '/workspace/source', output: ''
[31m
Pipeline failed on stage 'meta-pipeline' : container 'step-create-tekton-crds'. The execution of the pipeline has stopped.[0m
