
Showing logs for build [32mmeta-jenkins-oscar-skiapp-maste-gpjsd-4[0m stage [32mmeta-pipeline[0m and container [32mstep-credential-initializer-dggg6[0m
{"level":"warn","ts":1594947975.2546923,"logger":"fallback-logger","caller":"logging/config.go:69","msg":"Fetch GitHub commit ID from kodata failed: \"ref: refs/heads/0.8.0-**-support-backwards-incompats\" is not a valid GitHub commit ID"}
{"level":"info","ts":1594947975.2555187,"logger":"fallback-logger","caller":"creds-init/main.go:40","msg":"Credentials initialized."}

Showing logs for build [32mmeta-jenkins-oscar-skiapp-maste-gpjsd-4[0m stage [32mmeta-pipeline[0m and container [32mstep-working-dir-initializer-fgcbh[0m
{"level":"warn","ts":1594947976.2283092,"logger":"fallback-logger","caller":"logging/config.go:69","msg":"Fetch GitHub commit ID from kodata failed: open /var/run/ko/HEAD: no such file or directory"}
{"level":"info","ts":1594947976.2298312,"logger":"fallback-logger","caller":"bash/main.go:64","msg":"Successfully executed command \"sh -c mkdir -p /workspace/source\"; output "}

Showing logs for build [32mmeta-jenkins-oscar-skiapp-maste-gpjsd-4[0m stage [32mmeta-pipeline[0m and container [32mstep-place-tools[0m

Showing logs for build [32mmeta-jenkins-oscar-skiapp-maste-gpjsd-4[0m stage [32mmeta-pipeline[0m and container [32mstep-git-source-meta-jenkins-oscar-skiapp-maste-gpjsd-tr9rm[0m
{"level":"warn","ts":1594947981.549294,"logger":"fallback-logger","caller":"logging/config.go:69","msg":"Fetch GitHub commit ID from kodata failed: \"ref: refs/heads/0.8.0-**-support-backwards-incompats\" is not a valid GitHub commit ID"}
{"level":"info","ts":1594947982.5736833,"logger":"fallback-logger","caller":"git/git.go:103","msg":"Successfully cloned https://github.com/jenkins-oscar/skiapp.git @ aecda727852e0abe070faf499863f53f9c8b4dba in path /workspace/source"}

Showing logs for build [32mmeta-jenkins-oscar-skiapp-maste-gpjsd-4[0m stage [32mmeta-pipeline[0m and container [32mstep-git-merge[0m
Using SHAs from PULL_REFS=master:aecda727852e0abe070faf499863f53f9c8b4dba
WARNING: no SHAs to merge, falling back to initial cloned commit

Showing logs for build [32mmeta-jenkins-oscar-skiapp-maste-gpjsd-4[0m stage [32mmeta-pipeline[0m and container [32mstep-merge-pull-refs[0m
SKIP merge-pull-refs: Nothing to merge

Showing logs for build [32mmeta-jenkins-oscar-skiapp-maste-gpjsd-4[0m stage [32mmeta-pipeline[0m and container [32mstep-create-effective-pipeline[0m
Effective pipeline written to jenkins-x-effective.yml

Showing logs for build [32mmeta-jenkins-oscar-skiapp-maste-gpjsd-4[0m stage [32mmeta-pipeline[0m and container [32mstep-create-tekton-crds[0m
running command: echo \$(**-release-version) > VERSION

running command: ** step tag --version \$(cat VERSION)
Updating chart version in charts/skiapp/Chart.yaml to 0.0.99
Updating repository in charts/skiapp/values.yaml to gcr.io/**-development/skiapp
Updating tag in charts/skiapp/values.yaml to 0.0.99
error: Have you set up a git credential helper? See https://help.github.com/articles/caching-your-github-password-in-git/
: git output: To https://github.com/jenkins-oscar/skiapp.git
 ! [rejected]        v0.0.99 -> v0.0.99 (already exists)
error: failed to push some refs to 'https://github.com/jenkins-oscar/skiapp.git'
hint: Updates were rejected because the tag already exists in the remote.: failed to run 'git push origin v0.0.99' command in directory '', output: 'To https://github.com/jenkins-oscar/skiapp.git
 ! [rejected]        v0.0.99 -> v0.0.99 (already exists)
error: failed to push some refs to 'https://github.com/jenkins-oscar/skiapp.git'
hint: Updates were rejected because the tag already exists in the remote.'
error: failed to set the version on release pipelines: failed to run '/bin/sh -c ** step tag --version $(cat VERSION)' command in directory '/workspace/source', output: ''
[31m
Pipeline failed on stage 'meta-pipeline' : container 'step-create-tekton-crds'. The execution of the pipeline has stopped.[0m
